<?xml version="1.0" encoding="UTF-8"?>
<!-- Generated by org.testng.reporters.JUnitReportReporter -->
<testsuite hostname="GROSU-IT" failures="0" tests="1" name="com.SeleniumPractice.SeleniumPractice.CountWords" time="167.773" errors="0" timestamp="29 мая 2019 04:32:07 GMT" skipped="0">
  <testcase classname="com.SeleniumPractice.SeleniumPractice.CountWords" name="countingWords" time="167.773"/>
</testsuite> <!-- com.SeleniumPractice.SeleniumPractice.CountWords -->
