<?xml version="1.0" encoding="UTF-8"?>
<!-- Generated by org.testng.reporters.JUnitReportReporter -->
<testsuite hostname="GROSU-IT" failures="0" tests="6" name="com.SeleniumPractice.SeleniumPractice.ParkingCalculator" time="282.858" errors="0" timestamp="29 мая 2019 04:36:23 GMT" skipped="0">
  <testcase classname="com.SeleniumPractice.SeleniumPractice.ParkingCalculator" name="parckingCalc" time="47.164"/>
  <testcase classname="com.SeleniumPractice.SeleniumPractice.ParkingCalculator" name="parckingCalc" time="47.136"/>
  <testcase classname="com.SeleniumPractice.SeleniumPractice.ParkingCalculator" name="parckingCalc" time="47.093"/>
  <testcase classname="com.SeleniumPractice.SeleniumPractice.ParkingCalculator" name="parckingCalc" time="47.189"/>
  <testcase classname="com.SeleniumPractice.SeleniumPractice.ParkingCalculator" name="parckingCalc" time="47.172"/>
  <testcase classname="com.SeleniumPractice.SeleniumPractice.ParkingCalculator" name="parckingCalc" time="47.104"/>
</testsuite> <!-- com.SeleniumPractice.SeleniumPractice.ParkingCalculator -->
